[ActiveJob] [ListenerJob] [5d54f1b9-bb83-4afd-ab8b-31c0a4bb416e] Performing ListenerJob (Job ID: 5d54f1b9-bb83-4afd-ab8b-31c0a4bb416e) from Async(default) enqueued at  with arguments: #<Dry::Events::Event id="parties.organization.fein_corrected" payload={:attributes=>nil, :metadata=>{:metadata=>{:version=>"3.0", :created_at=>Thu, 04 Mar 2021 08:56:48 -0500}}}>, Parties::OrganizationSubscriber
[ActiveJob] [ListenerJob] [5d54f1b9-bb83-4afd-ab8b-31c0a4bb416e] Performed ListenerJob (Job ID: 5d54f1b9-bb83-4afd-ab8b-31c0a4bb416e) from Async(default) in 0.06ms
[ActiveJob] [ListenerJob] [fa2b8037-16be-4ddd-ad30-9807d8d5afc6] Performing ListenerJob (Job ID: fa2b8037-16be-4ddd-ad30-9807d8d5afc6) from Async(default) enqueued at  with arguments: #<Dry::Events::Event id="parties.organization.fein_corrected" payload={:attributes=>nil, :metadata=>{:metadata=>{:version=>"3.0", :created_at=>Thu, 04 Mar 2021 08:57:12 -0500}}}>, Parties::OrganizationSubscriber
[ActiveJob] [ListenerJob] [fa2b8037-16be-4ddd-ad30-9807d8d5afc6] Error performing ListenerJob (Job ID: fa2b8037-16be-4ddd-ad30-9807d8d5afc6) from Async(default) in 21493.44ms: SystemExit (exit):
/Users/raghuram/.rvm/gems/ruby-2.6.3/gems/pry-0.13.1/lib/pry/commands/exit_program.rb:19:in `exit'
/Users/raghuram/.rvm/gems/ruby-2.6.3/gems/pry-0.13.1/lib/pry/commands/exit_program.rb:19:in `process'
/Users/raghuram/.rvm/gems/ruby-2.6.3/gems/pry-0.13.1/lib/pry/class_command.rb:82:in `call'
/Users/raghuram/.rvm/gems/ruby-2.6.3/gems/pry-0.13.1/lib/pry/command.rb:495:in `call_with_hooks'
/Users/raghuram/.rvm/gems/ruby-2.6.3/gems/pry-0.13.1/lib/pry/command.rb:431:in `block in call_safely'
/Users/raghuram/.rvm/gems/ruby-2.6.3/gems/pry-0.13.1/lib/pry/command.rb:439:in `use_unpatched_symbol'
/Users/raghuram/.rvm/gems/ruby-2.6.3/gems/pry-0.13.1/lib/pry/command.rb:430:in `call_safely'
/Users/raghuram/.rvm/gems/ruby-2.6.3/gems/pry-0.13.1/lib/pry/command.rb:404:in `process_line'
/Users/raghuram/.rvm/gems/ruby-2.6.3/gems/pry-0.13.1/lib/pry/command_set.rb:354:in `process_line'
/Users/raghuram/.rvm/gems/ruby-2.6.3/gems/pry-0.13.1/lib/pry/command.rb:281:in `run'
/Users/raghuram/.rvm/gems/ruby-2.6.3/gems/pry-0.13.1/lib/pry/command_set.rb:203:in `block in alias_command'
/Users/raghuram/.rvm/gems/ruby-2.6.3/gems/pry-0.13.1/lib/pry/block_command.rb:15:in `instance_exec'
/Users/raghuram/.rvm/gems/ruby-2.6.3/gems/pry-0.13.1/lib/pry/block_command.rb:15:in `call'
/Users/raghuram/.rvm/gems/ruby-2.6.3/gems/pry-0.13.1/lib/pry/command.rb:495:in `call_with_hooks'
/Users/raghuram/.rvm/gems/ruby-2.6.3/gems/pry-0.13.1/lib/pry/command.rb:431:in `block in call_safely'
/Users/raghuram/.rvm/gems/ruby-2.6.3/gems/pry-0.13.1/lib/pry/command.rb:439:in `use_unpatched_symbol'
/Users/raghuram/.rvm/gems/ruby-2.6.3/gems/pry-0.13.1/lib/pry/command.rb:430:in `call_safely'
/Users/raghuram/.rvm/gems/ruby-2.6.3/gems/pry-0.13.1/lib/pry/command.rb:404:in `process_line'
/Users/raghuram/.rvm/gems/ruby-2.6.3/gems/pry-0.13.1/lib/pry/command_set.rb:354:in `process_line'
/Users/raghuram/.rvm/gems/ruby-2.6.3/gems/pry-0.13.1/lib/pry/pry_instance.rb:328:in `process_command'
/Users/raghuram/.rvm/gems/ruby-2.6.3/gems/pry-0.13.1/lib/pry/pry_instance.rb:361:in `process_command_safely'
/Users/raghuram/.rvm/gems/ruby-2.6.3/gems/pry-0.13.1/lib/pry/pry_instance.rb:610:in `handle_line'
/Users/raghuram/.rvm/gems/ruby-2.6.3/gems/pry-0.13.1/lib/pry/pry_instance.rb:261:in `block (2 levels) in eval'
/Users/raghuram/.rvm/gems/ruby-2.6.3/gems/pry-0.13.1/lib/pry/pry_instance.rb:260:in `catch'
/Users/raghuram/.rvm/gems/ruby-2.6.3/gems/pry-0.13.1/lib/pry/pry_instance.rb:260:in `block in eval'
/Users/raghuram/.rvm/gems/ruby-2.6.3/gems/pry-0.13.1/lib/pry/pry_instance.rb:259:in `catch'
/Users/raghuram/.rvm/gems/ruby-2.6.3/gems/pry-0.13.1/lib/pry/pry_instance.rb:259:in `eval'
/Users/raghuram/.rvm/gems/ruby-2.6.3/gems/pry-0.13.1/lib/pry/repl.rb:77:in `block in repl'
/Users/raghuram/.rvm/gems/ruby-2.6.3/gems/pry-0.13.1/lib/pry/repl.rb:67:in `loop'
/Users/raghuram/.rvm/gems/ruby-2.6.3/gems/pry-0.13.1/lib/pry/repl.rb:67:in `repl'
/Users/raghuram/.rvm/gems/ruby-2.6.3/gems/pry-0.13.1/lib/pry/repl.rb:38:in `block in start'
/Users/raghuram/.rvm/gems/ruby-2.6.3/gems/pry-0.13.1/lib/pry/input_lock.rb:61:in `__with_ownership'
/Users/raghuram/.rvm/gems/ruby-2.6.3/gems/pry-0.13.1/lib/pry/input_lock.rb:78:in `with_ownership'
/Users/raghuram/.rvm/gems/ruby-2.6.3/gems/pry-0.13.1/lib/pry/repl.rb:38:in `start'
/Users/raghuram/.rvm/gems/ruby-2.6.3/gems/pry-0.13.1/lib/pry/repl.rb:15:in `start'
/Users/raghuram/.rvm/gems/ruby-2.6.3/gems/pry-0.13.1/lib/pry/pry_class.rb:191:in `start'
/Users/raghuram/.rvm/gems/ruby-2.6.3/gems/pry-byebug-3.9.0/lib/byebug/processors/pry_processor.rb:117:in `block in resume_pry'
/Users/raghuram/.rvm/gems/ruby-2.6.3/gems/pry-byebug-3.9.0/lib/byebug/processors/pry_processor.rb:30:in `block (2 levels) in run'
/Users/raghuram/.rvm/gems/ruby-2.6.3/gems/byebug-11.1.3/lib/byebug/helpers/eval.rb:94:in `allowing_other_threads'
/Users/raghuram/.rvm/gems/ruby-2.6.3/gems/pry-byebug-3.9.0/lib/byebug/processors/pry_processor.rb:30:in `block in run'
/Users/raghuram/.rvm/gems/ruby-2.6.3/gems/pry-byebug-3.9.0/lib/byebug/processors/pry_processor.rb:29:in `catch'
/Users/raghuram/.rvm/gems/ruby-2.6.3/gems/pry-byebug-3.9.0/lib/byebug/processors/pry_processor.rb:29:in `run'
/Users/raghuram/.rvm/gems/ruby-2.6.3/gems/pry-byebug-3.9.0/lib/byebug/processors/pry_processor.rb:113:in `resume_pry'
/Users/raghuram/.rvm/gems/ruby-2.6.3/gems/pry-byebug-3.9.0/lib/byebug/processors/pry_processor.rb:65:in `at_line'
/Users/raghuram/.rvm/gems/ruby-2.6.3/gems/byebug-11.1.3/lib/byebug/context.rb:98:in `at_line'
/Users/raghuram/HBX/event_source/spec/rails_app/app/jobs/listener_job.rb:6:in `perform'
/Users/raghuram/.rvm/gems/ruby-2.6.3/gems/activejob-6.0.3.4/lib/active_job/execution.rb:40:in `block in perform_now'
/Users/raghuram/.rvm/gems/ruby-2.6.3/gems/activesupport-6.0.3.4/lib/active_support/callbacks.rb:112:in `block in run_callbacks'
/Users/raghuram/.rvm/gems/ruby-2.6.3/gems/i18n-1.8.5/lib/i18n.rb:308:in `with_locale'
/Users/raghuram/.rvm/gems/ruby-2.6.3/gems/activejob-6.0.3.4/lib/active_job/translation.rb:9:in `block (2 levels) in <module:Translation>'
/Users/raghuram/.rvm/gems/ruby-2.6.3/gems/activesupport-6.0.3.4/lib/active_support/callbacks.rb:121:in `instance_exec'
/Users/raghuram/.rvm/gems/ruby-2.6.3/gems/activesupport-6.0.3.4/lib/active_support/callbacks.rb:121:in `block in run_callbacks'
/Users/raghuram/.rvm/gems/ruby-2.6.3/gems/activesupport-6.0.3.4/lib/active_support/core_ext/time/zones.rb:66:in `use_zone'
/Users/raghuram/.rvm/gems/ruby-2.6.3/gems/activejob-6.0.3.4/lib/active_job/timezones.rb:9:in `block (2 levels) in <module:Timezones>'
/Users/raghuram/.rvm/gems/ruby-2.6.3/gems/activesupport-6.0.3.4/lib/active_support/callbacks.rb:121:in `instance_exec'
/Users/raghuram/.rvm/gems/ruby-2.6.3/gems/activesupport-6.0.3.4/lib/active_support/callbacks.rb:121:in `block in run_callbacks'
/Users/raghuram/.rvm/gems/ruby-2.6.3/gems/activejob-6.0.3.4/lib/active_job/logging.rb:25:in `block (4 levels) in <module:Logging>'
/Users/raghuram/.rvm/gems/ruby-2.6.3/gems/activesupport-6.0.3.4/lib/active_support/notifications.rb:180:in `block in instrument'
/Users/raghuram/.rvm/gems/ruby-2.6.3/gems/activesupport-6.0.3.4/lib/active_support/notifications/instrumenter.rb:24:in `instrument'
/Users/raghuram/.rvm/gems/ruby-2.6.3/gems/activesupport-6.0.3.4/lib/active_support/notifications.rb:180:in `instrument'
/Users/raghuram/.rvm/gems/ruby-2.6.3/gems/activejob-6.0.3.4/lib/active_job/logging.rb:24:in `block (3 levels) in <module:Logging>'
/Users/raghuram/.rvm/gems/ruby-2.6.3/gems/activejob-6.0.3.4/lib/active_job/logging.rb:45:in `block in tag_logger'
/Users/raghuram/.rvm/gems/ruby-2.6.3/gems/activesupport-6.0.3.4/lib/active_support/tagged_logging.rb:80:in `block in tagged'
/Users/raghuram/.rvm/gems/ruby-2.6.3/gems/activesupport-6.0.3.4/lib/active_support/tagged_logging.rb:28:in `tagged'
/Users/raghuram/.rvm/gems/ruby-2.6.3/gems/activesupport-6.0.3.4/lib/active_support/tagged_logging.rb:80:in `tagged'
/Users/raghuram/.rvm/gems/ruby-2.6.3/gems/activejob-6.0.3.4/lib/active_job/logging.rb:45:in `tag_logger'
/Users/raghuram/.rvm/gems/ruby-2.6.3/gems/activejob-6.0.3.4/lib/active_job/logging.rb:21:in `block (2 levels) in <module:Logging>'
/Users/raghuram/.rvm/gems/ruby-2.6.3/gems/activesupport-6.0.3.4/lib/active_support/callbacks.rb:121:in `instance_exec'
/Users/raghuram/.rvm/gems/ruby-2.6.3/gems/activesupport-6.0.3.4/lib/active_support/callbacks.rb:121:in `block in run_callbacks'
/Users/raghuram/.rvm/gems/ruby-2.6.3/gems/activesupport-6.0.3.4/lib/active_support/callbacks.rb:139:in `run_callbacks'
/Users/raghuram/.rvm/gems/ruby-2.6.3/gems/activejob-6.0.3.4/lib/active_job/execution.rb:39:in `perform_now'
/Users/raghuram/.rvm/gems/ruby-2.6.3/gems/activejob-6.0.3.4/lib/active_job/execution.rb:18:in `perform_now'
/Users/raghuram/HBX/event_source/lib/event_source/subscriber.rb:51:in `block (2 levels) in subscribe'
/Users/raghuram/.rvm/gems/ruby-2.6.3/gems/dry-events-0.2.0/lib/dry/events/bus.rb:44:in `block in publish'
/Users/raghuram/.rvm/gems/ruby-2.6.3/gems/dry-events-0.2.0/lib/dry/events/bus.rb:36:in `block in process'
/Users/raghuram/.rvm/gems/ruby-2.6.3/gems/dry-events-0.2.0/lib/dry/events/bus.rb:32:in `each'
/Users/raghuram/.rvm/gems/ruby-2.6.3/gems/dry-events-0.2.0/lib/dry/events/bus.rb:32:in `process'
/Users/raghuram/.rvm/gems/ruby-2.6.3/gems/dry-events-0.2.0/lib/dry/events/bus.rb:43:in `publish'
/Users/raghuram/.rvm/gems/ruby-2.6.3/gems/dry-events-0.2.0/lib/dry/events/publisher.rb:190:in `publish'
/Users/raghuram/HBX/event_source/lib/event_source/event.rb:110:in `publish'
/Users/raghuram/HBX/event_source/spec/rails_app/app/operations/parties/organization/correct_or_update_fein.rb:59:in `block in publish_event'
/Users/raghuram/.rvm/gems/ruby-2.6.3/gems/dry-monads-1.3.5/lib/dry/monads/try.rb:35:in `run'
/Users/raghuram/.rvm/gems/ruby-2.6.3/gems/dry-monads-1.3.5/lib/dry/monads/try.rb:246:in `Try'
/Users/raghuram/HBX/event_source/spec/rails_app/app/operations/parties/organization/correct_or_update_fein.rb:59:in `publish_event'
/Users/raghuram/.rvm/gems/ruby-2.6.3/gems/dry-monads-1.3.5/lib/dry/monads/do.rb:112:in `publish_event'
/Users/raghuram/.rvm/gems/ruby-2.6.3/gems/dry-monads-1.3.5/lib/dry/monads/do.rb:114:in `block in publish_event'
/Users/raghuram/.rvm/gems/ruby-2.6.3/gems/dry-monads-1.3.5/lib/dry/monads/do/mixin.rb:40:in `call'
/Users/raghuram/.rvm/gems/ruby-2.6.3/gems/dry-monads-1.3.5/lib/dry/monads/do.rb:114:in `publish_event'
/Users/raghuram/HBX/event_source/spec/rails_app/app/operations/parties/organization/correct_or_update_fein.rb:21:in `call'
/Users/raghuram/.rvm/gems/ruby-2.6.3/gems/dry-monads-1.3.5/lib/dry/monads/do.rb:112:in `call'
/Users/raghuram/.rvm/gems/ruby-2.6.3/gems/dry-monads-1.3.5/lib/dry/monads/do.rb:114:in `block in call'
/Users/raghuram/.rvm/gems/ruby-2.6.3/gems/dry-monads-1.3.5/lib/dry/monads/do/mixin.rb:40:in `call'
/Users/raghuram/.rvm/gems/ruby-2.6.3/gems/dry-monads-1.3.5/lib/dry/monads/do.rb:114:in `call'
/Users/raghuram/HBX/event_source/spec/event_source/command_spec.rb:47:in `block (4 levels) in <top (required)>'
/Users/raghuram/.rvm/gems/ruby-2.6.3/gems/rspec-core-3.9.2/lib/rspec/core/example.rb:257:in `instance_exec'
/Users/raghuram/.rvm/gems/ruby-2.6.3/gems/rspec-core-3.9.2/lib/rspec/core/example.rb:257:in `block in run'
/Users/raghuram/.rvm/gems/ruby-2.6.3/gems/rspec-core-3.9.2/lib/rspec/core/example.rb:503:in `block in with_around_and_singleton_context_hooks'
/Users/raghuram/.rvm/gems/ruby-2.6.3/gems/rspec-core-3.9.2/lib/rspec/core/example.rb:460:in `block in with_around_example_hooks'
/Users/raghuram/.rvm/gems/ruby-2.6.3/gems/rspec-core-3.9.2/lib/rspec/core/hooks.rb:481:in `block in run'
/Users/raghuram/.rvm/gems/ruby-2.6.3/gems/rspec-core-3.9.2/lib/rspec/core/hooks.rb:619:in `run_around_example_hooks_for'
/Users/raghuram/.rvm/gems/ruby-2.6.3/gems/rspec-core-3.9.2/lib/rspec/core/hooks.rb:481:in `run'
/Users/raghuram/.rvm/gems/ruby-2.6.3/gems/rspec-core-3.9.2/lib/rspec/core/example.rb:460:in `with_around_example_hooks'
/Users/raghuram/.rvm/gems/ruby-2.6.3/gems/rspec-core-3.9.2/lib/rspec/core/example.rb:503:in `with_around_and_singleton_context_hooks'
/Users/raghuram/.rvm/gems/ruby-2.6.3/gems/rspec-core-3.9.2/lib/rspec/core/example.rb:254:in `run'
/Users/raghuram/.rvm/gems/ruby-2.6.3/gems/rspec-core-3.9.2/lib/rspec/core/example_group.rb:644:in `block in run_examples'
/Users/raghuram/.rvm/gems/ruby-2.6.3/gems/rspec-core-3.9.2/lib/rspec/core/example_group.rb:640:in `map'
/Users/raghuram/.rvm/gems/ruby-2.6.3/gems/rspec-core-3.9.2/lib/rspec/core/example_group.rb:640:in `run_examples'
/Users/raghuram/.rvm/gems/ruby-2.6.3/gems/rspec-core-3.9.2/lib/rspec/core/example_group.rb:606:in `run'
/Users/raghuram/.rvm/gems/ruby-2.6.3/gems/rspec-core-3.9.2/lib/rspec/core/example_group.rb:607:in `block in run'
/Users/raghuram/.rvm/gems/ruby-2.6.3/gems/rspec-core-3.9.2/lib/rspec/core/example_group.rb:607:in `map'
/Users/raghuram/.rvm/gems/ruby-2.6.3/gems/rspec-core-3.9.2/lib/rspec/core/example_group.rb:607:in `run'
/Users/raghuram/.rvm/gems/ruby-2.6.3/gems/rspec-core-3.9.2/lib/rspec/core/example_group.rb:607:in `block in run'
/Users/raghuram/.rvm/gems/ruby-2.6.3/gems/rspec-core-3.9.2/lib/rspec/core/example_group.rb:607:in `map'
/Users/raghuram/.rvm/gems/ruby-2.6.3/gems/rspec-core-3.9.2/lib/rspec/core/example_group.rb:607:in `run'
/Users/raghuram/.rvm/gems/ruby-2.6.3/gems/rspec-core-3.9.2/lib/rspec/core/runner.rb:121:in `block (3 levels) in run_specs'
/Users/raghuram/.rvm/gems/ruby-2.6.3/gems/rspec-core-3.9.2/lib/rspec/core/runner.rb:121:in `map'
/Users/raghuram/.rvm/gems/ruby-2.6.3/gems/rspec-core-3.9.2/lib/rspec/core/runner.rb:121:in `block (2 levels) in run_specs'
/Users/raghuram/.rvm/gems/ruby-2.6.3/gems/rspec-core-3.9.2/lib/rspec/core/configuration.rb:2058:in `with_suite_hooks'
/Users/raghuram/.rvm/gems/ruby-2.6.3/gems/rspec-core-3.9.2/lib/rspec/core/runner.rb:116:in `block in run_specs'
/Users/raghuram/.rvm/gems/ruby-2.6.3/gems/rspec-core-3.9.2/lib/rspec/core/reporter.rb:74:in `report'
/Users/raghuram/.rvm/gems/ruby-2.6.3/gems/rspec-core-3.9.2/lib/rspec/core/runner.rb:115:in `run_specs'
/Users/raghuram/.rvm/gems/ruby-2.6.3/gems/rspec-core-3.9.2/lib/rspec/core/runner.rb:89:in `run'
/Users/raghuram/.rvm/gems/ruby-2.6.3/gems/rspec-core-3.9.2/lib/rspec/core/runner.rb:71:in `run'
/Users/raghuram/.rvm/gems/ruby-2.6.3/gems/rspec-core-3.9.2/lib/rspec/core/runner.rb:45:in `invoke'
/Users/raghuram/.rvm/gems/ruby-2.6.3/gems/rspec-core-3.9.2/exe/rspec:4:in `<top (required)>'
/Users/raghuram/.rvm/gems/ruby-2.6.3/bin/rspec:23:in `load'
/Users/raghuram/.rvm/gems/ruby-2.6.3/bin/rspec:23:in `<main>'
/Users/raghuram/.rvm/gems/ruby-2.6.3/bin/ruby_executable_hooks:24:in `eval'
/Users/raghuram/.rvm/gems/ruby-2.6.3/bin/ruby_executable_hooks:24:in `<main>'
[ActiveJob] [ListenerJob] [5ab73f60-c52a-47e5-a3fb-233af2e31b6b] Performing ListenerJob (Job ID: 5ab73f60-c52a-47e5-a3fb-233af2e31b6b) from Async(default) enqueued at  with arguments: #<Dry::Events::Event id="parties.organization.fein_corrected" payload={:attributes=>{:hbx_id=>"553234", :legal_name=>"Test Organization", :entity_kind=>"c_corp", :fein=>"546232320"}, :metadata=>{:version=>"3.0", :created_at=>Mon, 08 Mar 2021 10:36:33 -0500, :event_key=>"parties.organization.fein_corrected"}}>, Parties::OrganizationSubscriber
[ActiveJob] [ListenerJob] [5ab73f60-c52a-47e5-a3fb-233af2e31b6b] Performed ListenerJob (Job ID: 5ab73f60-c52a-47e5-a3fb-233af2e31b6b) from Async(default) in 2671.5ms
[ActiveJob] [ListenerJob] [c7676b9d-814b-4e4c-bf5a-c7dae809addf] Performing ListenerJob (Job ID: c7676b9d-814b-4e4c-bf5a-c7dae809addf) from Async(default) enqueued at  with arguments: #<Dry::Events::Event id="parties.organization.fein_corrected" payload={:attributes=>{:hbx_id=>"553234", :legal_name=>"Test Organization", :entity_kind=>"c_corp", :fein=>"546232320"}, :metadata=>{:version=>"3.0", :created_at=>Mon, 08 Mar 2021 10:36:58 -0500, :event_key=>"parties.organization.fein_corrected"}}>, Parties::OrganizationSubscriber
[ActiveJob] [ListenerJob] [c7676b9d-814b-4e4c-bf5a-c7dae809addf] Performed ListenerJob (Job ID: c7676b9d-814b-4e4c-bf5a-c7dae809addf) from Async(default) in 0.03ms
[ActiveJob] [ListenerJob] [630b0fd4-0ea8-47ef-b876-16293e99d82b] Performing ListenerJob (Job ID: 630b0fd4-0ea8-47ef-b876-16293e99d82b) from Async(default) enqueued at  with arguments: #<Dry::Events::Event id="parties.organization.fein_corrected" payload={:attributes=>{:hbx_id=>"553234", :legal_name=>"Test Organization", :entity_kind=>"c_corp", :fein=>"546232320"}, :metadata=>{:version=>"3.0", :created_at=>Mon, 08 Mar 2021 10:37:03 -0500, :event_key=>"parties.organization.fein_corrected"}}>, Parties::OrganizationSubscriber
[ActiveJob] [ListenerJob] [630b0fd4-0ea8-47ef-b876-16293e99d82b] Performed ListenerJob (Job ID: 630b0fd4-0ea8-47ef-b876-16293e99d82b) from Async(default) in 0.04ms
[ActiveJob] [ListenerJob] [322bf7f0-3792-4118-88e3-82a2e9dfe4bf] Performing ListenerJob (Job ID: 322bf7f0-3792-4118-88e3-82a2e9dfe4bf) from Async(default) enqueued at  with arguments: #<Dry::Events::Event id="parties.organization.fein_corrected" payload={:attributes=>{:hbx_id=>"553234", :legal_name=>"Test Organization", :entity_kind=>"c_corp", :fein=>"546232320"}, :metadata=>{:version=>"3.0", :created_at=>Mon, 08 Mar 2021 10:40:30 -0500, :event_key=>"parties.organization.fein_corrected"}}>, Parties::OrganizationSubscriber
[ActiveJob] [ListenerJob] [322bf7f0-3792-4118-88e3-82a2e9dfe4bf] Performed ListenerJob (Job ID: 322bf7f0-3792-4118-88e3-82a2e9dfe4bf) from Async(default) in 0.04ms
[ActiveJob] [ListenerJob] [6d1940c9-d122-434a-9098-827eec741981] Performing ListenerJob (Job ID: 6d1940c9-d122-434a-9098-827eec741981) from Async(default) enqueued at  with arguments: #<Dry::Events::Event id="parties.organization.fein_corrected" payload={:attributes=>{:hbx_id=>"553234", :legal_name=>"Test Organization", :entity_kind=>"c_corp", :fein=>"546232320"}, :metadata=>{:version=>"3.0", :created_at=>Mon, 08 Mar 2021 10:43:32 -0500, :event_key=>"parties.organization.fein_corrected"}}>, Parties::OrganizationSubscriber
[ActiveJob] [ListenerJob] [6d1940c9-d122-434a-9098-827eec741981] Performed ListenerJob (Job ID: 6d1940c9-d122-434a-9098-827eec741981) from Async(default) in 0.04ms
[ActiveJob] [ListenerJob] [431b0196-153e-4cc6-b099-64dc4e0ceed0] Performing ListenerJob (Job ID: 431b0196-153e-4cc6-b099-64dc4e0ceed0) from Async(default) enqueued at  with arguments: #<Dry::Events::Event id="parties.organization.fein_corrected" payload={:attributes=>{:hbx_id=>"553234", :legal_name=>"Test Organization", :entity_kind=>"c_corp", :fein=>"546232320"}, :metadata=>{:version=>"3.0", :created_at=>Tue, 09 Mar 2021 08:23:49 -0500, :event_key=>"parties.organization.fein_corrected"}}>, Parties::OrganizationSubscriber
[ActiveJob] [ListenerJob] [431b0196-153e-4cc6-b099-64dc4e0ceed0] Performed ListenerJob (Job ID: 431b0196-153e-4cc6-b099-64dc4e0ceed0) from Async(default) in 0.04ms
[ActiveJob] [ListenerJob] [56a079b1-c0e5-4a42-98fc-db9ef43f3d00] Performing ListenerJob (Job ID: 56a079b1-c0e5-4a42-98fc-db9ef43f3d00) from Async(default) enqueued at  with arguments: #<Dry::Events::Event id="parties.organization.fein_corrected" payload={:attributes=>{:hbx_id=>"553234", :legal_name=>"Test Organization", :entity_kind=>"c_corp", :fein=>"546232320"}, :metadata=>{:version=>"3.0", :created_at=>Tue, 09 Mar 2021 08:27:03 -0500, :event_key=>"parties.organization.fein_corrected"}}>, Parties::OrganizationSubscriber
[ActiveJob] [ListenerJob] [56a079b1-c0e5-4a42-98fc-db9ef43f3d00] Performed ListenerJob (Job ID: 56a079b1-c0e5-4a42-98fc-db9ef43f3d00) from Async(default) in 0.03ms
[ActiveJob] [ListenerJob] [ef28f9e0-9215-4314-8081-26eb3bddce10] Performing ListenerJob (Job ID: ef28f9e0-9215-4314-8081-26eb3bddce10) from Async(default) enqueued at  with arguments: #<Dry::Events::Event id="parties.organization.fein_corrected" payload={:attributes=>{:hbx_id=>"553234", :legal_name=>"Test Organization", :entity_kind=>"c_corp", :fein=>"546232320"}, :metadata=>{:version=>"3.0", :created_at=>Tue, 09 Mar 2021 08:27:36 -0500, :event_key=>"parties.organization.fein_corrected"}}>, Parties::OrganizationSubscriber
[ActiveJob] [ListenerJob] [ef28f9e0-9215-4314-8081-26eb3bddce10] Performed ListenerJob (Job ID: ef28f9e0-9215-4314-8081-26eb3bddce10) from Async(default) in 0.04ms
[ActiveJob] [ListenerJob] [cc1dfd62-3a9a-497c-9abc-835972b7abc3] Performing ListenerJob (Job ID: cc1dfd62-3a9a-497c-9abc-835972b7abc3) from Async(default) enqueued at  with arguments: #<Dry::Events::Event id="parties.organization.fein_corrected" payload={:attributes=>{:hbx_id=>"553234", :legal_name=>"Test Organization", :entity_kind=>"c_corp", :fein=>"546232320"}, :metadata=>{:version=>"3.0", :created_at=>Tue, 09 Mar 2021 08:28:44 -0500, :event_key=>"parties.organization.fein_corrected"}}>, Parties::OrganizationSubscriber
[ActiveJob] [ListenerJob] [cc1dfd62-3a9a-497c-9abc-835972b7abc3] Performed ListenerJob (Job ID: cc1dfd62-3a9a-497c-9abc-835972b7abc3) from Async(default) in 0.08ms
[ActiveJob] [ListenerJob] [3dda2ec4-a2cf-48e9-8cb4-65ec1636f464] Performing ListenerJob (Job ID: 3dda2ec4-a2cf-48e9-8cb4-65ec1636f464) from Async(default) enqueued at  with arguments: #<Dry::Events::Event id="parties.organization.fein_corrected" payload={:attributes=>{:hbx_id=>"553234", :legal_name=>"Test Organization", :entity_kind=>"c_corp", :fein=>"546232320"}, :metadata=>{:version=>"3.0", :created_at=>Tue, 09 Mar 2021 09:10:48 -0500, :event_key=>"parties.organization.fein_corrected"}}>, Parties::OrganizationSubscriber
[ActiveJob] [ListenerJob] [3dda2ec4-a2cf-48e9-8cb4-65ec1636f464] Performed ListenerJob (Job ID: 3dda2ec4-a2cf-48e9-8cb4-65ec1636f464) from Async(default) in 0.03ms
[ActiveJob] [ListenerJob] [0d00ce84-9921-4a64-8694-68c09a35d517] Performing ListenerJob (Job ID: 0d00ce84-9921-4a64-8694-68c09a35d517) from Async(default) enqueued at  with arguments: #<Dry::Events::Event id="parties.organization.fein_corrected" payload={:attributes=>{:hbx_id=>"553234", :legal_name=>"Test Organization", :entity_kind=>"c_corp", :fein=>"546232320"}, :metadata=>{:version=>"3.0", :created_at=>Tue, 09 Mar 2021 09:36:07 -0500, :event_key=>"parties.organization.fein_corrected"}}>, Parties::OrganizationSubscriber
[ActiveJob] [ListenerJob] [0d00ce84-9921-4a64-8694-68c09a35d517] Performed ListenerJob (Job ID: 0d00ce84-9921-4a64-8694-68c09a35d517) from Async(default) in 0.04ms
[ActiveJob] [ListenerJob] [3b48d97f-fa39-45f4-b997-6befe4cbbe6e] Performing ListenerJob (Job ID: 3b48d97f-fa39-45f4-b997-6befe4cbbe6e) from Async(default) enqueued at  with arguments: #<Dry::Events::Event id="parties.organization.fein_corrected" payload={:attributes=>{:hbx_id=>"553234", :legal_name=>"Test Organization", :entity_kind=>"c_corp", :fein=>"546232320"}, :metadata=>{:version=>"3.0", :created_at=>Tue, 09 Mar 2021 13:18:18 -0500, :event_key=>"parties.organization.fein_corrected"}}>, Parties::OrganizationSubscriber
[ActiveJob] [ListenerJob] [3b48d97f-fa39-45f4-b997-6befe4cbbe6e] Performed ListenerJob (Job ID: 3b48d97f-fa39-45f4-b997-6befe4cbbe6e) from Async(default) in 0.04ms
[ActiveJob] [ListenerJob] [cdea9b8d-c7b3-49bf-b878-e64c2e71337f] Performing ListenerJob (Job ID: cdea9b8d-c7b3-49bf-b878-e64c2e71337f) from Async(default) enqueued at  with arguments: #<Dry::Events::Event id="parties.organization.fein_corrected" payload={:attributes=>{:hbx_id=>"553234", :legal_name=>"Test Organization", :entity_kind=>"c_corp", :fein=>"546232320"}, :metadata=>{:version=>"3.0", :created_at=>Tue, 09 Mar 2021 13:20:07 -0500, :event_key=>"parties.organization.fein_corrected"}}>, Parties::OrganizationSubscriber
[ActiveJob] [ListenerJob] [cdea9b8d-c7b3-49bf-b878-e64c2e71337f] Performed ListenerJob (Job ID: cdea9b8d-c7b3-49bf-b878-e64c2e71337f) from Async(default) in 0.04ms
[ActiveJob] [ListenerJob] [f2d68f4e-185a-4385-8867-4ac9dc0c7530] Performing ListenerJob (Job ID: f2d68f4e-185a-4385-8867-4ac9dc0c7530) from Async(default) enqueued at  with arguments: #<Dry::Events::Event id="parties.organization.fein_corrected" payload={:attributes=>{:hbx_id=>"553234", :legal_name=>"Test Organization", :entity_kind=>"c_corp", :fein=>"546232320"}, :metadata=>{:version=>"3.0", :created_at=>Mon, 15 Mar 2021 09:25:05 -0400, :event_key=>"parties.organization.fein_corrected"}}>
[ActiveJob] [ListenerJob] [f2d68f4e-185a-4385-8867-4ac9dc0c7530] Performed ListenerJob (Job ID: f2d68f4e-185a-4385-8867-4ac9dc0c7530) from Async(default) in 0.06ms
[ActiveJob] [ListenerJob] [5cdefa94-3463-4cef-b097-29a2486ac0d3] Performing ListenerJob (Job ID: 5cdefa94-3463-4cef-b097-29a2486ac0d3) from Async(default) enqueued at  with arguments: #<Dry::Events::Event id="parties.organization.fein_corrected" payload={:attributes=>{:hbx_id=>"553234", :legal_name=>"Test Organization", :entity_kind=>"c_corp", :fein=>"546232320"}, :metadata=>{:version=>"3.0", :created_at=>Mon, 15 Mar 2021 10:08:48 -0400, :event_key=>"parties.organization.fein_corrected"}}>
[ActiveJob] [ListenerJob] [5cdefa94-3463-4cef-b097-29a2486ac0d3] Performed ListenerJob (Job ID: 5cdefa94-3463-4cef-b097-29a2486ac0d3) from Async(default) in 0.03ms
[ActiveJob] [ListenerJob] [82cb108d-5ab1-4d96-b3de-b5e4d96c6f42] Performing ListenerJob (Job ID: 82cb108d-5ab1-4d96-b3de-b5e4d96c6f42) from Async(default) enqueued at  with arguments: #<Dry::Events::Event id="parties.organization.fein_corrected" payload={:attributes=>{:hbx_id=>"553234", :legal_name=>"Test Organization", :entity_kind=>"c_corp", :fein=>"546232320"}, :metadata=>{:version=>"3.0", :created_at=>Mon, 15 Mar 2021 10:09:43 -0400, :event_key=>"parties.organization.fein_corrected"}}>
[ActiveJob] [ListenerJob] [82cb108d-5ab1-4d96-b3de-b5e4d96c6f42] Performed ListenerJob (Job ID: 82cb108d-5ab1-4d96-b3de-b5e4d96c6f42) from Async(default) in 0.03ms
[ActiveJob] [ListenerJob] [9e25d420-8ab7-4d2f-b4d0-db04587001a0] Performing ListenerJob (Job ID: 9e25d420-8ab7-4d2f-b4d0-db04587001a0) from Async(default) enqueued at  with arguments: #<Dry::Events::Event id="parties.organization.fein_corrected" payload={:attributes=>{:hbx_id=>"553234", :legal_name=>"Test Organization", :entity_kind=>"c_corp", :fein=>"546232320"}, :metadata=>{:version=>"3.0", :created_at=>Mon, 15 Mar 2021 10:17:58 -0400, :event_key=>"parties.organization.fein_corrected"}}>
[ActiveJob] [ListenerJob] [9e25d420-8ab7-4d2f-b4d0-db04587001a0] Performed ListenerJob (Job ID: 9e25d420-8ab7-4d2f-b4d0-db04587001a0) from Async(default) in 0.03ms
[ActiveJob] [ListenerJob] [b9742672-5417-4b33-83c3-0e28fdc08f81] Performing ListenerJob (Job ID: b9742672-5417-4b33-83c3-0e28fdc08f81) from Async(default) enqueued at  with arguments: #<Dry::Events::Event id="parties.organization.fein_corrected" payload={:attributes=>{:hbx_id=>"553234", :legal_name=>"Test Organization", :entity_kind=>"c_corp", :fein=>"546232320"}, :metadata=>{:version=>"3.0", :created_at=>Mon, 15 Mar 2021 11:34:46 -0400, :event_key=>"parties.organization.fein_corrected"}}>
[ActiveJob] [ListenerJob] [b9742672-5417-4b33-83c3-0e28fdc08f81] Performed ListenerJob (Job ID: b9742672-5417-4b33-83c3-0e28fdc08f81) from Async(default) in 0.05ms
[ActiveJob] [ListenerJob] [8c4a7939-3cd8-40b7-a810-e9a6f97283c2] Performing ListenerJob (Job ID: 8c4a7939-3cd8-40b7-a810-e9a6f97283c2) from Async(default) enqueued at  with arguments: #<Dry::Events::Event id="parties.organization.fein_corrected" payload={:attributes=>{:hbx_id=>"553234", :legal_name=>"Test Organization", :entity_kind=>"c_corp", :fein=>"546232320"}, :metadata=>{:version=>"3.0", :created_at=>Mon, 15 Mar 2021 11:35:26 -0400, :event_key=>"parties.organization.fein_corrected"}}>
[ActiveJob] [ListenerJob] [8c4a7939-3cd8-40b7-a810-e9a6f97283c2] Performed ListenerJob (Job ID: 8c4a7939-3cd8-40b7-a810-e9a6f97283c2) from Async(default) in 0.04ms
[ActiveJob] [ListenerJob] [2d9b655a-d49e-41b7-82d9-a03e602f7f7b] Performing ListenerJob (Job ID: 2d9b655a-d49e-41b7-82d9-a03e602f7f7b) from Async(default) enqueued at  with arguments: #<Dry::Events::Event id="parties.organization.fein_corrected" payload={:attributes=>{:hbx_id=>"553234", :legal_name=>"Test Organization", :entity_kind=>"c_corp", :fein=>"546232320"}, :metadata=>{:version=>"3.0", :created_at=>Mon, 15 Mar 2021 14:20:25 -0400, :event_key=>"parties.organization.fein_corrected"}}>
[ActiveJob] [ListenerJob] [2d9b655a-d49e-41b7-82d9-a03e602f7f7b] Performed ListenerJob (Job ID: 2d9b655a-d49e-41b7-82d9-a03e602f7f7b) from Async(default) in 0.04ms
